2025-04-05 19:28:57,495 - bot_logger - INFO - Запуск бота магазина...
2025-04-05 19:29:07,391 - bot_logger - INFO - Запуск бота магазина...
2025-04-05 21:00:26,666 - bot_logger - INFO - Запуск бота магазина...
2025-04-05 21:02:28,049 - bot_logger - INFO - Запуск бота магазина...
2025-04-05 21:32:51,129 - bot_logger - INFO - Запуск бота магазина...
2025-04-05 21:33:16,550 - bot_logger - INFO - Запуск бота магазина...
2025-04-05 23:26:52,456 - bot_logger - INFO - Запуск бота магазина...
2025-04-05 23:27:24,309 - bot_logger - INFO - Запуск бота магазина...
2025-04-06 01:46:38,715 - bot_logger - INFO - Запуск бота магазина...
2025-04-06 02:13:41,459 - bot_logger - INFO - Запуск бота магазина...
2025-04-06 02:13:41,459 - bot_logger - INFO - Запуск бота магазина...
2025-04-06 02:13:41,459 - bot_logger - INFO - Запуск бота магазина...
2025-04-06 02:13:41,459 - bot_logger - INFO - Запуск бота магазина...
2025-04-06 02:14:45,891 - bot_logger - INFO - Запуск бота магазина...
2025-04-06 02:14:45,891 - bot_logger - INFO - Запуск бота магазина...
2025-04-06 02:14:45,891 - bot_logger - INFO - Запуск бота магазина...
2025-04-06 02:14:45,891 - bot_logger - INFO - Запуск бота магазина...
2025-04-06 02:15:09,611 - bot_logger - INFO - Запуск бота магазина...
2025-04-06 02:15:09,611 - bot_logger - INFO - Запуск бота магазина...
2025-04-06 02:15:09,611 - bot_logger - INFO - Запуск бота магазина...
2025-04-06 02:15:09,611 - bot_logger - INFO - Запуск бота магазина...
2025-04-06 02:15:17,689 - bot_logger - INFO - Запуск бота магазина...
2025-04-06 02:15:17,689 - bot_logger - INFO - Запуск бота магазина...
2025-04-06 02:15:17,689 - bot_logger - INFO - Запуск бота магазина...
2025-04-06 02:15:17,689 - bot_logger - INFO - Запуск бота магазина...
2025-04-06 02:15:34,143 - bot_logger - INFO - Запуск бота магазина...
2025-04-06 02:15:34,143 - bot_logger - INFO - Запуск бота магазина...
2025-04-06 02:15:34,143 - bot_logger - INFO - Запуск бота магазина...
2025-04-06 02:15:34,143 - bot_logger - INFO - Запуск бота магазина...
2025-04-06 02:16:52,682 - bot_logger - INFO - Запуск бота магазина...
2025-04-06 02:16:52,682 - bot_logger - INFO - Запуск бота магазина...
2025-04-06 02:17:10,540 - bot_logger - INFO - Запуск бота магазина...
2025-04-06 02:17:10,540 - bot_logger - INFO - Запуск бота магазина...
2025-04-06 02:17:25,473 - bot_logger - INFO - Запуск бота магазина...
2025-04-06 02:17:25,473 - bot_logger - INFO - Запуск бота магазина...
2025-04-06 02:17:25,473 - bot_logger - INFO - Запуск бота магазина...
2025-04-06 02:17:25,473 - bot_logger - INFO - Запуск бота магазина...
2025-04-06 02:17:51,106 - bot_logger - INFO - Запуск бота магазина...
2025-04-06 02:17:51,106 - bot_logger - INFO - Запуск бота магазина...
2025-04-06 02:17:51,106 - bot_logger - INFO - Запуск бота магазина...
2025-04-06 02:17:51,106 - bot_logger - INFO - Запуск бота магазина...
2025-04-06 02:18:52,161 - bot_logger - INFO - Запуск бота магазина...
2025-04-06 02:18:52,161 - bot_logger - INFO - Запуск бота магазина...
2025-04-06 02:18:52,161 - bot_logger - INFO - Запуск бота магазина...
2025-04-06 02:18:52,161 - bot_logger - INFO - Запуск бота магазина...
2025-04-06 02:18:59,861 - bot_logger - INFO - Запуск бота магазина...
2025-04-06 02:18:59,861 - bot_logger - INFO - Запуск бота магазина...
2025-04-06 02:18:59,861 - bot_logger - INFO - Запуск бота магазина...
2025-04-06 02:18:59,861 - bot_logger - INFO - Запуск бота магазина...
2025-04-06 02:20:35,098 - bot_logger - INFO - Запуск бота магазина...
2025-04-06 02:20:35,098 - bot_logger - INFO - Запуск бота магазина...
2025-04-06 02:20:35,098 - bot_logger - INFO - Запуск бота магазина...
2025-04-06 02:20:35,098 - bot_logger - INFO - Запуск бота магазина...
2025-04-06 02:20:35,099 - bot_logger - INFO - Бот запущен...
2025-04-06 02:20:35,099 - bot_logger - INFO - Бот запущен...
2025-04-06 02:20:35,099 - bot_logger - INFO - Бот запущен...
2025-04-06 02:20:35,099 - bot_logger - INFO - Бот запущен...
2025-04-06 02:21:47,183 - bot_logger - INFO - Запуск бота магазина...
2025-04-06 02:21:47,183 - bot_logger - INFO - Запуск бота магазина...
2025-04-06 02:21:47,183 - bot_logger - INFO - Запуск бота магазина...
2025-04-06 02:21:47,183 - bot_logger - INFO - Запуск бота магазина...
2025-04-06 02:21:47,183 - bot_logger - INFO - Бот запущен...
2025-04-06 02:21:47,183 - bot_logger - INFO - Бот запущен...
2025-04-06 02:21:47,183 - bot_logger - INFO - Бот запущен...
2025-04-06 02:21:47,183 - bot_logger - INFO - Бот запущен...
2025-04-06 02:32:07,435 - bot_logger - INFO - Запуск бота магазина...
2025-04-06 02:32:07,436 - bot_logger - INFO - Бот запущен...
2025-04-06 02:32:25,374 - bot_logger - INFO - Запуск бота магазина...
2025-04-06 02:32:25,374 - bot_logger - INFO - Бот запущен...
2025-04-06 02:38:24,731 - bot_logger - INFO - Запуск бота магазина...
2025-04-06 02:38:24,731 - bot_logger - INFO - Бот запущен...
2025-04-06 02:42:09,670 - bot_logger - INFO - Запуск бота магазина...
2025-04-06 02:42:09,670 - bot_logger - INFO - Бот запущен...
2025-04-06 02:42:43,916 - bot_logger - INFO - Запуск бота магазина...
2025-04-06 02:42:43,916 - bot_logger - INFO - Бот запущен...
2025-04-06 02:43:48,466 - bot_logger - INFO - Запуск бота магазина...
2025-04-06 02:43:48,466 - bot_logger - INFO - Бот запущен...
2025-04-06 02:43:52,661 - bot_logger - INFO - User 808536694 started the bot
2025-04-06 02:44:01,265 - bot_logger - INFO - User 808536694 selected language: uk
2025-04-06 02:44:05,967 - bot_logger - INFO - User 808536694 requested info
2025-04-06 02:44:11,941 - bot_logger - INFO - Admin 808536694 started adding a new product
2025-04-06 02:44:15,221 - bot_logger - INFO - User 808536694 requested help
